************************
Test -> 3-say_my_name.py
========================

>>> say_my_name = __import__("3-say_my_name").say_my_name

======Succesful test cases======

>>> say_my_name("Rebeca", "Kisingi")
My name is Rebeca Kisingi

>>> say_my_name("Rebeca")
My name is Rebeca 

=====Empty test cases========

>>> say_my_name("")
Traceback (most recent call last):
...
TypeError: first_name must be a string

>>> say_my_name(None)
Traceback (most recent call last):
...
TypeError: first_name must be a string

>>> say_my_name(None, "")
Traceback (most recent call last):
...
TypeError: first_name must be a string


>>> say_my_name("Rebeca", None)
Traceback (most recent call last):
...
TypeError: last_name must be a string

>>> say_my_name(, "Kisingi")
Traceback (most recent call last):
...
SyntaxError: invalid syntax

=======Error of types========

>>> say_my_name("Makango", 3)
Traceback (most recent call last):
...
TypeError: last_name must be a string

>>> say_my_name(2, "Webiro")
Traceback (most recent call last):
...
TypeError: first_name must be a string

=======Argument Errors=========
>>> say_my_name()
Traceback (most recent call last):
...
TypeError: say_my_name() missing 1 required positional argument: 'first_name'

>>> say_my_name("Zakayo", "Makango", "Nyambaga")
Traceback (most recent call last):
...
TypeError: say_my_name() takes from 1 to 2 positional arguments but 3 were given

>>> say_my_name(, 10)
Traceback (most recent call last):
...
SyntaxError: invalid syntax
